[debug] > Exec(compile; run hw.gts hw.ast.json; exit, Some(08fe8b7c-0f68-4b05-a231-51cddbf470a0), Some(CommandSource(console0)))
[debug] > Exec(compile, None, Some(CommandSource(console0)))
[debug] Evaluating tasks: Compile / compile
[debug] Running task... Cancel: Signal, check cycles: false, forcegc: true
[success] Total time: 1 s, completed 01/02/2023 12:28:40 PM
[debug] > Exec(run hw.gts hw.ast.json, None, Some(CommandSource(console0)))
[debug] Evaluating tasks: Compile / run
[debug] Running task... Cancel: Signal, check cycles: false, forcegc: true
[error] java.io.FileNotFoundException: hw.gts (No such file or directory)
[error] 	at java.io.FileInputStream.open0(Native Method)
[error] 	at java.io.FileInputStream.open(FileInputStream.java:195)
[error] 	at java.io.FileInputStream.<init>(FileInputStream.java:138)
[error] 	at java.io.FileInputStream.<init>(FileInputStream.java:93)
[error] 	at Main$package$.readIR(Main.scala:20)
[error] 	at Main$package$.main(Main.scala:7)
[error] 	at Main$package.main(Main.scala)
[error] 	at sun.reflect.NativeMethodAccessorImpl.invoke0(Native Method)
[error] 	at sun.reflect.NativeMethodAccessorImpl.invoke(NativeMethodAccessorImpl.java:62)
[error] 	at sun.reflect.DelegatingMethodAccessorImpl.invoke(DelegatingMethodAccessorImpl.java:43)
[error] 	at java.lang.reflect.Method.invoke(Method.java:498)
[error] 	at sbt.Run.invokeMain(Run.scala:143)
[error] 	at sbt.Run.execute$1(Run.scala:93)
[error] 	at sbt.Run.$anonfun$runWithLoader$5(Run.scala:120)
[error] 	at sbt.Run$.executeSuccess(Run.scala:186)
[error] 	at sbt.Run.runWithLoader(Run.scala:120)
[error] 	at sbt.Defaults$.$anonfun$bgRunTask$6(Defaults.scala:1980)
[error] 	at sbt.Defaults$.$anonfun$termWrapper$2(Defaults.scala:1919)
[error] 	at scala.runtime.java8.JFunction0$mcV$sp.apply(JFunction0$mcV$sp.java:23)
[error] 	at scala.util.Try$.apply(Try.scala:213)
[error] 	at sbt.internal.BackgroundThreadPool$BackgroundRunnable.run(DefaultBackgroundJobService.scala:366)
[error] 	at java.util.concurrent.ThreadPoolExecutor.runWorker(ThreadPoolExecutor.java:1149)
[error] 	at java.util.concurrent.ThreadPoolExecutor$Worker.run(ThreadPoolExecutor.java:624)
[error] 	at java.lang.Thread.run(Thread.java:750)
[error] (Compile / run) java.io.FileNotFoundException: hw.gts (No such file or directory)
[error] Total time: 0 s, completed 01/02/2023 12:28:40 PM
[debug] > Exec(shell, None, None)
[info] shutting down sbt server
