[debug] > Exec(early(addDefaultCommands), None, None)
[debug] > Exec(addDefaultCommands, None, None)
[debug] > Exec(early(initialize), None, None)
[debug] > Exec(initialize, None, None)
[debug] > Exec(boot, None, None)
[debug] > Exec(writeSbtVersion, None, None)
[debug] > Exec(reload, None, None)
[debug] > Exec(sbtStashOnFailure, None, None)
[debug] > Exec(onFailure loadFailed, None, None)
[debug] > Exec(loadp, None, None)
[info] welcome to sbt 1.8.2 (Private Build Java 1.8.0_352)
[debug] Load.defaultLoad until apply took 52.416158ms
[debug]           Load.loadUnit: plugins took 47.033921ms
[debug]           Load.loadUnit: defsScala took 0.246249ms
[debug] [Loading] Scanning directory /home/cbing/Desktop/PAC/basil-protobufs/project
[debug]             Load.loadUnit: mkEval took 5.696624ms
[debug] [Loading] Found non-root projects 
[debug] [Loading] Done in /home/cbing/Desktop/PAC/basil-protobufs/project, returning: ()
[debug] deducing auto plugins based on known facts Set(Atom(sbt.plugins.CorePlugin)) and clauses Clauses(Clause(Atom(sbt.plugins.JvmPlugin),Set(Atom(sbt.plugins.IvyPlugin)))
[debug] Clause(Atom(sbt.ScriptedPlugin),Set(Atom(sbt.plugins.JvmPlugin)))
[debug] Clause(Atom(sbt.plugins.SbtPlugin),Set(Atom(sbt.ScriptedPlugin)))
[debug] Clause(Atom(sbt.plugins.SemanticdbPlugin),Set(Atom(sbt.plugins.JvmPlugin)))
[debug] Clause(Atom(sbt.plugins.JUnitXmlReportPlugin),Set(Atom(sbt.plugins.JvmPlugin)))
[debug] Clause(Atom(sbt.plugins.MiniDependencyTreePlugin),Set(Atom(sbt.plugins.JvmPlugin)))
[debug] Clause(Atom(sbt.plugins.CorePlugin),Set(Atom(sbt.plugins.IvyPlugin)))
[debug] Clause(Atom(sbt.plugins.IvyPlugin),Set(Atom(sbt.plugins.JvmPlugin)))
[debug] Clause(Atom(sbt.plugins.JvmPlugin),Set(Atom(sbt.plugins.SemanticdbPlugin)))
[debug] Clause(Atom(sbt.plugins.JvmPlugin),Set(Atom(sbt.plugins.JUnitXmlReportPlugin)))
[debug] Clause(Atom(sbt.plugins.CorePlugin),Set(Atom(sbt.plugins.Giter8TemplatePlugin)))
[debug] Clause(Atom(sbt.plugins.JvmPlugin),Set(Atom(sbt.plugins.MiniDependencyTreePlugin))))
[debug]   :: deduced result: Matched(sbt.plugins.CorePlugin,sbt.plugins.Giter8TemplatePlugin,sbt.plugins.IvyPlugin,sbt.plugins.JvmPlugin,sbt.plugins.MiniDependencyTreePlugin,sbt.plugins.JUnitXmlReportPlugin,sbt.plugins.SemanticdbPlugin)
[debug] Plugins.deducer#function took 16.579041 ms
[info] loading settings for project basil-protobufs-build from scalapb.sbt ...
[debug]               Load.resolveProject(basil-protobufs-build) took 36.757045ms
[debug]             Load.loadTransitive: finalizeProject(Project(id basil-protobufs-build, base: /home/cbing/Desktop/PAC/basil-protobufs/project, plugins: List(<none>))) took 76.987102ms
[debug] [Loading] Done in /home/cbing/Desktop/PAC/basil-protobufs/project, returning: (basil-protobufs-build)
[debug]           Load.loadUnit: loadedProjectsRaw took 548.357947ms
[debug]           Load.loadUnit: cleanEvalClasses took 4.647799ms
[debug]         Load.loadUnit(file:/home/cbing/Desktop/PAC/basil-protobufs/project/, ...) took 603.764341ms
[debug]       Load.apply: load took 673.319741ms
[debug]       Load.apply: resolveProjects took 3.932426ms
[debug]       Load.apply: finalTransforms took 38.62527ms
[debug]       Load.apply: config.delegates took 5.364071ms
[debug]       Load.apply: Def.make(settings)... took 261.216242ms
[debug]       Load.apply: structureIndex took 65.164135ms
[debug]       Load.apply: mkStreams took 1.195075ms
[info] loading project definition from /home/cbing/Desktop/PAC/basil-protobufs/project
[debug] Running task... Cancel: Signal, check cycles: false, forcegc: true
[debug]     Load.loadUnit: plugins took 1687.603139ms
[debug]     Load.loadUnit: defsScala took 0.002851ms
[debug] [Loading] Scanning directory /home/cbing/Desktop/PAC/basil-protobufs
[debug]       Load.loadUnit: mkEval took 0.186922ms
[debug] [Loading] Found root project root w/ remaining 
[debug] deducing auto plugins based on known facts Set(Atom(sbt.plugins.CorePlugin)) and clauses Clauses(Clause(Atom(sbt.plugins.JvmPlugin),Set(Atom(sbt.plugins.IvyPlugin)))
[debug] Clause(Atom(sbt.ScriptedPlugin),Set(Atom(sbt.plugins.JvmPlugin)))
[debug] Clause(Atom(sbt.plugins.SbtPlugin),Set(Atom(sbt.ScriptedPlugin)))
[debug] Clause(Atom(sbt.plugins.SemanticdbPlugin),Set(Atom(sbt.plugins.JvmPlugin)))
[debug] Clause(Atom(sbt.plugins.JUnitXmlReportPlugin),Set(Atom(sbt.plugins.JvmPlugin)))
[debug] Clause(Atom(sbt.plugins.MiniDependencyTreePlugin),Set(Atom(sbt.plugins.JvmPlugin)))
[debug] Clause(Atom(sbtprotoc.ProtocPlugin),Set(Atom(sbt.plugins.JvmPlugin)))
[debug] Clause(Atom(org.portablescala.sbtplatformdeps.PlatformDepsPlugin),Set(Atom(sbt.plugins.JvmPlugin)))
[debug] Clause(Atom(sbt.plugins.CorePlugin),Set(Atom(sbt.plugins.IvyPlugin)))
[debug] Clause(Atom(sbt.plugins.IvyPlugin),Set(Atom(sbt.plugins.JvmPlugin)))
[debug] Clause(Atom(sbt.plugins.JvmPlugin),Set(Atom(sbt.plugins.SemanticdbPlugin)))
[debug] Clause(Atom(sbt.plugins.JvmPlugin),Set(Atom(sbt.plugins.JUnitXmlReportPlugin)))
[debug] Clause(Atom(sbt.plugins.CorePlugin),Set(Atom(sbt.plugins.Giter8TemplatePlugin)))
[debug] Clause(Atom(sbt.plugins.JvmPlugin),Set(Atom(sbt.plugins.MiniDependencyTreePlugin)))
[debug] Clause(Atom(sbt.plugins.JvmPlugin),Set(Atom(sbtprotoc.ProtocPlugin)))
[debug] Clause(Atom(sbt.plugins.JvmPlugin),Set(Atom(org.portablescala.sbtplatformdeps.PlatformDepsPlugin))))
[debug]   :: deduced result: Matched(sbt.plugins.CorePlugin,sbt.plugins.Giter8TemplatePlugin,sbt.plugins.IvyPlugin,sbt.plugins.JvmPlugin,org.portablescala.sbtplatformdeps.PlatformDepsPlugin,sbt.plugins.SemanticdbPlugin,sbt.plugins.JUnitXmlReportPlugin,sbtprotoc.ProtocPlugin,sbt.plugins.MiniDependencyTreePlugin)
[debug] Plugins.deducer#function took 1.907161 ms
[info] loading settings for project root from build.sbt ...
[debug]         Load.resolveProject(root) took 1.731839ms
[debug]       Load.loadTransitive: finalizeProject(Project(id root, base: /home/cbing/Desktop/PAC/basil-protobufs, plugins: List(<none>))) took 4.475831ms
[debug] [Loading] Done in /home/cbing/Desktop/PAC/basil-protobufs, returning: (root)
[debug]     Load.loadUnit: loadedProjectsRaw took 48.084828ms
[debug]     Load.loadUnit: cleanEvalClasses took 0.552329ms
[debug]   Load.loadUnit(file:/home/cbing/Desktop/PAC/basil-protobufs/, ...) took 1737.177353ms
[debug] Load.apply: load took 1749.433129ms
[debug] Load.apply: resolveProjects took 0.079506ms
[debug] Load.apply: finalTransforms took 8.750826ms
[debug] Load.apply: config.delegates took 0.330451ms
[debug] Load.apply: Def.make(settings)... took 83.547825ms
[debug] Load.apply: structureIndex took 27.051742ms
[debug] Load.apply: mkStreams took 0.002346ms
[info] set current project to basil-protobufs (in build file:/home/cbing/Desktop/PAC/basil-protobufs/)
[debug] > Exec(sbtPopOnFailure, None, None)
[debug] > Exec(resumeFromFailure, None, None)
[debug] > Exec(notifyUsersAboutShell, None, None)
[debug] > Exec(iflast shell, None, None)
[debug] > Exec(shell, None, None)
[info] sbt server started at local:///home/cbing/.sbt/1.0/server/26be2353bb320bd2ecad/sock
[debug] Writing bsp connection file
[info] started sbt server
