[debug] > Exec(early(addDefaultCommands), None, None)
[debug] > Exec(addDefaultCommands, None, None)
[debug] > Exec(early(initialize), None, None)
[debug] > Exec(initialize, None, None)
[debug] > Exec(boot, None, None)
[debug] > Exec(writeSbtVersion, None, None)
[debug] > Exec(reload, None, None)
[debug] > Exec(sbtStashOnFailure, None, None)
[debug] > Exec(onFailure loadFailed, None, None)
[debug] > Exec(loadp, None, None)
[info] welcome to sbt 1.8.2 (Private Build Java 1.8.0_352)
[debug] Load.defaultLoad until apply took 50.797273ms
[debug]           Load.loadUnit: plugins took 44.405169ms
[debug]           Load.loadUnit: defsScala took 0.241622ms
[debug] [Loading] Scanning directory /home/cbing/Desktop/PAC/basil-protobufs/project
[debug]             Load.loadUnit: mkEval took 5.487286ms
[debug] [Loading] Found non-root projects 
[debug] [Loading] Done in /home/cbing/Desktop/PAC/basil-protobufs/project, returning: ()
[debug] deducing auto plugins based on known facts Set(Atom(sbt.plugins.CorePlugin)) and clauses Clauses(Clause(Atom(sbt.plugins.JvmPlugin),Set(Atom(sbt.plugins.IvyPlugin)))
[debug] Clause(Atom(sbt.ScriptedPlugin),Set(Atom(sbt.plugins.JvmPlugin)))
[debug] Clause(Atom(sbt.plugins.SbtPlugin),Set(Atom(sbt.ScriptedPlugin)))
[debug] Clause(Atom(sbt.plugins.SemanticdbPlugin),Set(Atom(sbt.plugins.JvmPlugin)))
[debug] Clause(Atom(sbt.plugins.JUnitXmlReportPlugin),Set(Atom(sbt.plugins.JvmPlugin)))
[debug] Clause(Atom(sbt.plugins.MiniDependencyTreePlugin),Set(Atom(sbt.plugins.JvmPlugin)))
[debug] Clause(Atom(sbt.plugins.CorePlugin),Set(Atom(sbt.plugins.IvyPlugin)))
[debug] Clause(Atom(sbt.plugins.IvyPlugin),Set(Atom(sbt.plugins.JvmPlugin)))
[debug] Clause(Atom(sbt.plugins.JvmPlugin),Set(Atom(sbt.plugins.SemanticdbPlugin)))
[debug] Clause(Atom(sbt.plugins.JvmPlugin),Set(Atom(sbt.plugins.JUnitXmlReportPlugin)))
[debug] Clause(Atom(sbt.plugins.CorePlugin),Set(Atom(sbt.plugins.Giter8TemplatePlugin)))
[debug] Clause(Atom(sbt.plugins.JvmPlugin),Set(Atom(sbt.plugins.MiniDependencyTreePlugin))))
[debug]   :: deduced result: Matched(sbt.plugins.CorePlugin,sbt.plugins.Giter8TemplatePlugin,sbt.plugins.IvyPlugin,sbt.plugins.JvmPlugin,sbt.plugins.MiniDependencyTreePlugin,sbt.plugins.JUnitXmlReportPlugin,sbt.plugins.SemanticdbPlugin)
[debug] Plugins.deducer#function took 11.845824 ms
[info] loading settings for project basil-protobufs-build from scalapb.sbt ...
[debug]               Load.resolveProject(basil-protobufs-build) took 34.295361ms
[debug]             Load.loadTransitive: finalizeProject(Project(id basil-protobufs-build, base: /home/cbing/Desktop/PAC/basil-protobufs/project, plugins: List(<none>))) took 65.29196ms
[debug] [Loading] Done in /home/cbing/Desktop/PAC/basil-protobufs/project, returning: (basil-protobufs-build)
[debug]           Load.loadUnit: loadedProjectsRaw took 569.904875ms
[debug]           Load.loadUnit: cleanEvalClasses took 5.320165ms
[debug]         Load.loadUnit(file:/home/cbing/Desktop/PAC/basil-protobufs/project/, ...) took 623.645602ms
[debug]       Load.apply: load took 704.600262ms
[debug]       Load.apply: resolveProjects took 3.767402ms
[debug]       Load.apply: finalTransforms took 39.796269ms
[debug]       Load.apply: config.delegates took 5.455988ms
[debug]       Load.apply: Def.make(settings)... took 260.166594ms
[debug]       Load.apply: structureIndex took 69.779106ms
[debug]       Load.apply: mkStreams took 1.055857ms
[info] loading project definition from /home/cbing/Desktop/PAC/basil-protobufs/project
[debug] Running task... Cancel: Signal, check cycles: false, forcegc: true
[debug]     Load.loadUnit: plugins took 1742.938709ms
[debug]     Load.loadUnit: defsScala took 0.002553ms
[debug] [Loading] Scanning directory /home/cbing/Desktop/PAC/basil-protobufs
[debug]       Load.loadUnit: mkEval took 0.154577ms
[debug] [Loading] Found root project root w/ remaining 
[debug] deducing auto plugins based on known facts Set(Atom(sbt.plugins.CorePlugin)) and clauses Clauses(Clause(Atom(sbt.plugins.JvmPlugin),Set(Atom(sbt.plugins.IvyPlugin)))
[debug] Clause(Atom(sbt.ScriptedPlugin),Set(Atom(sbt.plugins.JvmPlugin)))
[debug] Clause(Atom(sbt.plugins.SbtPlugin),Set(Atom(sbt.ScriptedPlugin)))
[debug] Clause(Atom(sbt.plugins.SemanticdbPlugin),Set(Atom(sbt.plugins.JvmPlugin)))
[debug] Clause(Atom(sbt.plugins.JUnitXmlReportPlugin),Set(Atom(sbt.plugins.JvmPlugin)))
[debug] Clause(Atom(sbt.plugins.MiniDependencyTreePlugin),Set(Atom(sbt.plugins.JvmPlugin)))
[debug] Clause(Atom(sbtprotoc.ProtocPlugin),Set(Atom(sbt.plugins.JvmPlugin)))
[debug] Clause(Atom(org.portablescala.sbtplatformdeps.PlatformDepsPlugin),Set(Atom(sbt.plugins.JvmPlugin)))
[debug] Clause(Atom(sbt.plugins.CorePlugin),Set(Atom(sbt.plugins.IvyPlugin)))
[debug] Clause(Atom(sbt.plugins.IvyPlugin),Set(Atom(sbt.plugins.JvmPlugin)))
[debug] Clause(Atom(sbt.plugins.JvmPlugin),Set(Atom(sbt.plugins.SemanticdbPlugin)))
[debug] Clause(Atom(sbt.plugins.JvmPlugin),Set(Atom(sbt.plugins.JUnitXmlReportPlugin)))
[debug] Clause(Atom(sbt.plugins.CorePlugin),Set(Atom(sbt.plugins.Giter8TemplatePlugin)))
[debug] Clause(Atom(sbt.plugins.JvmPlugin),Set(Atom(sbt.plugins.MiniDependencyTreePlugin)))
[debug] Clause(Atom(sbt.plugins.JvmPlugin),Set(Atom(sbtprotoc.ProtocPlugin)))
[debug] Clause(Atom(sbt.plugins.JvmPlugin),Set(Atom(org.portablescala.sbtplatformdeps.PlatformDepsPlugin))))
[debug]   :: deduced result: Matched(sbt.plugins.CorePlugin,sbt.plugins.Giter8TemplatePlugin,sbt.plugins.IvyPlugin,sbt.plugins.JvmPlugin,org.portablescala.sbtplatformdeps.PlatformDepsPlugin,sbt.plugins.SemanticdbPlugin,sbt.plugins.JUnitXmlReportPlugin,sbtprotoc.ProtocPlugin,sbt.plugins.MiniDependencyTreePlugin)
[debug] Plugins.deducer#function took 2.060789 ms
[info] loading settings for project root from build.sbt ...
[debug]         Load.resolveProject(root) took 1.690623ms
[debug]       Load.loadTransitive: finalizeProject(Project(id root, base: /home/cbing/Desktop/PAC/basil-protobufs, plugins: List(<none>))) took 4.595053ms
[debug] [Loading] Done in /home/cbing/Desktop/PAC/basil-protobufs, returning: (root)
[debug]     Load.loadUnit: loadedProjectsRaw took 43.366014ms
[debug]     Load.loadUnit: cleanEvalClasses took 0.52481ms
[debug]   Load.loadUnit(file:/home/cbing/Desktop/PAC/basil-protobufs/, ...) took 1787.648546ms
[debug] Load.apply: load took 1799.827797ms
[debug] Load.apply: resolveProjects took 0.078456ms
[debug] Load.apply: finalTransforms took 8.099494ms
[debug] Load.apply: config.delegates took 0.32314ms
[debug] Load.apply: Def.make(settings)... took 80.912674ms
[debug] Load.apply: structureIndex took 26.278099ms
[debug] Load.apply: mkStreams took 0.00206ms
[info] set current project to basil-protobufs (in build file:/home/cbing/Desktop/PAC/basil-protobufs/)
[debug] > Exec(sbtPopOnFailure, None, None)
[debug] > Exec(resumeFromFailure, None, None)
[debug] > Exec(notifyUsersAboutShell, None, None)
[debug] > Exec(iflast shell, None, None)
[debug] > Exec(shell, None, None)
[info] sbt server started at local:///home/cbing/.sbt/1.0/server/26be2353bb320bd2ecad/sock
[debug] Writing bsp connection file
[info] started sbt server
