[debug] > Exec(early(addDefaultCommands), None, None)
[debug] > Exec(addDefaultCommands, None, None)
[debug] > Exec(early(initialize), None, None)
[debug] > Exec(initialize, None, None)
[debug] > Exec(boot, None, None)
[debug] > Exec(writeSbtVersion, None, None)
[debug] > Exec(reload, None, None)
[debug] > Exec(sbtStashOnFailure, None, None)
[debug] > Exec(onFailure loadFailed, None, None)
[debug] > Exec(loadp, None, None)
[info] welcome to sbt 1.8.2 (Private Build Java 1.8.0_352)
[debug] Load.defaultLoad until apply took 70.356055ms
[debug]           Load.loadUnit: plugins took 81.817733ms
[debug]           Load.loadUnit: defsScala took 0.299665ms
[debug] [Loading] Scanning directory /home/cbing/Desktop/PAC/basil-protobufs/project
[debug]             Load.loadUnit: mkEval took 6.17022ms
[debug] [Loading] Found non-root projects 
[debug] [Loading] Done in /home/cbing/Desktop/PAC/basil-protobufs/project, returning: ()
[debug] deducing auto plugins based on known facts Set(Atom(sbt.plugins.CorePlugin)) and clauses Clauses(Clause(Atom(sbt.plugins.JvmPlugin),Set(Atom(sbt.plugins.IvyPlugin)))
[debug] Clause(Atom(sbt.ScriptedPlugin),Set(Atom(sbt.plugins.JvmPlugin)))
[debug] Clause(Atom(sbt.plugins.SbtPlugin),Set(Atom(sbt.ScriptedPlugin)))
[debug] Clause(Atom(sbt.plugins.SemanticdbPlugin),Set(Atom(sbt.plugins.JvmPlugin)))
[debug] Clause(Atom(sbt.plugins.JUnitXmlReportPlugin),Set(Atom(sbt.plugins.JvmPlugin)))
[debug] Clause(Atom(sbt.plugins.MiniDependencyTreePlugin),Set(Atom(sbt.plugins.JvmPlugin)))
[debug] Clause(Atom(sbt.plugins.CorePlugin),Set(Atom(sbt.plugins.IvyPlugin)))
[debug] Clause(Atom(sbt.plugins.IvyPlugin),Set(Atom(sbt.plugins.JvmPlugin)))
[debug] Clause(Atom(sbt.plugins.JvmPlugin),Set(Atom(sbt.plugins.SemanticdbPlugin)))
[debug] Clause(Atom(sbt.plugins.JvmPlugin),Set(Atom(sbt.plugins.JUnitXmlReportPlugin)))
[debug] Clause(Atom(sbt.plugins.CorePlugin),Set(Atom(sbt.plugins.Giter8TemplatePlugin)))
[debug] Clause(Atom(sbt.plugins.JvmPlugin),Set(Atom(sbt.plugins.MiniDependencyTreePlugin))))
[debug]   :: deduced result: Matched(sbt.plugins.CorePlugin,sbt.plugins.Giter8TemplatePlugin,sbt.plugins.IvyPlugin,sbt.plugins.JvmPlugin,sbt.plugins.MiniDependencyTreePlugin,sbt.plugins.JUnitXmlReportPlugin,sbt.plugins.SemanticdbPlugin)
[debug] Plugins.deducer#function took 15.401774 ms
[info] loading settings for project basil-protobufs-build from scalapb.sbt ...
[debug]               Load.resolveProject(basil-protobufs-build) took 32.963973ms
[debug]             Load.loadTransitive: finalizeProject(Project(id basil-protobufs-build, base: /home/cbing/Desktop/PAC/basil-protobufs/project, plugins: List(<none>))) took 71.440958ms
[debug] [Loading] Done in /home/cbing/Desktop/PAC/basil-protobufs/project, returning: (basil-protobufs-build)
[debug]           Load.loadUnit: loadedProjectsRaw took 597.630981ms
[debug]           Load.loadUnit: cleanEvalClasses took 4.585667ms
[debug]         Load.loadUnit(file:/home/cbing/Desktop/PAC/basil-protobufs/project/, ...) took 688.003773ms
[debug]       Load.apply: load took 767.014172ms
[debug]       Load.apply: resolveProjects took 3.701967ms
[debug]       Load.apply: finalTransforms took 46.78448ms
[debug]       Load.apply: config.delegates took 4.916451ms
[debug]       Load.apply: Def.make(settings)... took 253.747303ms
[debug]       Load.apply: structureIndex took 122.322294ms
[debug]       Load.apply: mkStreams took 1.562572ms
[info] loading project definition from /home/cbing/Desktop/PAC/basil-protobufs/project
[debug] Running task... Cancel: Signal, check cycles: false, forcegc: true
[debug]     Load.loadUnit: plugins took 1904.385554ms
[debug]     Load.loadUnit: defsScala took 0.002794ms
[debug] [Loading] Scanning directory /home/cbing/Desktop/PAC/basil-protobufs
[debug]       Load.loadUnit: mkEval took 0.178459ms
[debug] [Loading] Found root project root w/ remaining 
[debug] deducing auto plugins based on known facts Set(Atom(sbt.plugins.CorePlugin)) and clauses Clauses(Clause(Atom(sbt.plugins.JvmPlugin),Set(Atom(sbt.plugins.IvyPlugin)))
[debug] Clause(Atom(sbt.ScriptedPlugin),Set(Atom(sbt.plugins.JvmPlugin)))
[debug] Clause(Atom(sbt.plugins.SbtPlugin),Set(Atom(sbt.ScriptedPlugin)))
[debug] Clause(Atom(sbt.plugins.SemanticdbPlugin),Set(Atom(sbt.plugins.JvmPlugin)))
[debug] Clause(Atom(sbt.plugins.JUnitXmlReportPlugin),Set(Atom(sbt.plugins.JvmPlugin)))
[debug] Clause(Atom(sbt.plugins.MiniDependencyTreePlugin),Set(Atom(sbt.plugins.JvmPlugin)))
[debug] Clause(Atom(sbtprotoc.ProtocPlugin),Set(Atom(sbt.plugins.JvmPlugin)))
[debug] Clause(Atom(org.portablescala.sbtplatformdeps.PlatformDepsPlugin),Set(Atom(sbt.plugins.JvmPlugin)))
[debug] Clause(Atom(sbt.plugins.CorePlugin),Set(Atom(sbt.plugins.IvyPlugin)))
[debug] Clause(Atom(sbt.plugins.IvyPlugin),Set(Atom(sbt.plugins.JvmPlugin)))
[debug] Clause(Atom(sbt.plugins.JvmPlugin),Set(Atom(sbt.plugins.SemanticdbPlugin)))
[debug] Clause(Atom(sbt.plugins.JvmPlugin),Set(Atom(sbt.plugins.JUnitXmlReportPlugin)))
[debug] Clause(Atom(sbt.plugins.CorePlugin),Set(Atom(sbt.plugins.Giter8TemplatePlugin)))
[debug] Clause(Atom(sbt.plugins.JvmPlugin),Set(Atom(sbt.plugins.MiniDependencyTreePlugin)))
[debug] Clause(Atom(sbt.plugins.JvmPlugin),Set(Atom(sbtprotoc.ProtocPlugin)))
[debug] Clause(Atom(sbt.plugins.JvmPlugin),Set(Atom(org.portablescala.sbtplatformdeps.PlatformDepsPlugin))))
[debug]   :: deduced result: Matched(sbt.plugins.CorePlugin,sbt.plugins.Giter8TemplatePlugin,sbt.plugins.IvyPlugin,sbt.plugins.JvmPlugin,org.portablescala.sbtplatformdeps.PlatformDepsPlugin,sbt.plugins.SemanticdbPlugin,sbt.plugins.JUnitXmlReportPlugin,sbtprotoc.ProtocPlugin,sbt.plugins.MiniDependencyTreePlugin)
[debug] Plugins.deducer#function took 2.099381 ms
[info] loading settings for project root from build.sbt ...
[debug]         Load.resolveProject(root) took 2.235463ms
[debug]       Load.loadTransitive: finalizeProject(Project(id root, base: /home/cbing/Desktop/PAC/basil-protobufs, plugins: List(<none>))) took 5.194324ms
[debug] [Loading] Done in /home/cbing/Desktop/PAC/basil-protobufs, returning: (root)
[debug]     Load.loadUnit: loadedProjectsRaw took 49.464366ms
[debug]     Load.loadUnit: cleanEvalClasses took 0.522136ms
[debug]   Load.loadUnit(file:/home/cbing/Desktop/PAC/basil-protobufs/, ...) took 1955.614081ms
[debug] Load.apply: load took 1975.886489ms
[debug] Load.apply: resolveProjects took 0.091314ms
[debug] Load.apply: finalTransforms took 11.453537ms
[debug] Load.apply: config.delegates took 0.439459ms
[debug] Load.apply: Def.make(settings)... took 88.198897ms
[debug] Load.apply: structureIndex took 34.298386ms
[debug] Load.apply: mkStreams took 0.002597ms
[info] set current project to basil-protobufs (in build file:/home/cbing/Desktop/PAC/basil-protobufs/)
[debug] > Exec(sbtPopOnFailure, None, None)
[debug] > Exec(resumeFromFailure, None, None)
[debug] > Exec(notifyUsersAboutShell, None, None)
[debug] > Exec(iflast shell, None, None)
[debug] > Exec(shell, None, None)
[info] sbt server started at local:///home/cbing/.sbt/1.0/server/26be2353bb320bd2ecad/sock
[debug] Writing bsp connection file
[info] started sbt server
