[debug] > Exec(early(addDefaultCommands), None, None)
[debug] > Exec(addDefaultCommands, None, None)
[debug] > Exec(early(initialize), None, None)
[debug] > Exec(initialize, None, None)
[debug] > Exec(boot, None, None)
[debug] > Exec(writeSbtVersion, None, None)
[info] Updated file /home/cbing/Desktop/gtirb-semantics/project/build.properties: set sbt.version to 1.8.2
[debug] > Exec(reload, None, None)
[debug] > Exec(sbtStashOnFailure, None, None)
[debug] > Exec(onFailure loadFailed, None, None)
[debug] > Exec(loadp, None, None)
[info] welcome to sbt 1.8.2 (Private Build Java 1.8.0_352)
[debug] Load.defaultLoad until apply took 50.181131ms
[debug]           Load.loadUnit: plugins took 46.466293ms
[debug]           Load.loadUnit: defsScala took 0.238809ms
[debug] [Loading] Scanning directory /home/cbing/Desktop/gtirb-semantics/project
[debug] [Loading] Found non-root projects 
[debug] [Loading] Done in /home/cbing/Desktop/gtirb-semantics/project, returning: ()
[debug] deducing auto plugins based on known facts Set(Atom(sbt.plugins.CorePlugin)) and clauses Clauses(Clause(Atom(sbt.plugins.JvmPlugin),Set(Atom(sbt.plugins.IvyPlugin)))
[debug] Clause(Atom(sbt.ScriptedPlugin),Set(Atom(sbt.plugins.JvmPlugin)))
[debug] Clause(Atom(sbt.plugins.SbtPlugin),Set(Atom(sbt.ScriptedPlugin)))
[debug] Clause(Atom(sbt.plugins.SemanticdbPlugin),Set(Atom(sbt.plugins.JvmPlugin)))
[debug] Clause(Atom(sbt.plugins.JUnitXmlReportPlugin),Set(Atom(sbt.plugins.JvmPlugin)))
[debug] Clause(Atom(sbt.plugins.MiniDependencyTreePlugin),Set(Atom(sbt.plugins.JvmPlugin)))
[debug] Clause(Atom(sbt.plugins.CorePlugin),Set(Atom(sbt.plugins.IvyPlugin)))
[debug] Clause(Atom(sbt.plugins.IvyPlugin),Set(Atom(sbt.plugins.JvmPlugin)))
[debug] Clause(Atom(sbt.plugins.JvmPlugin),Set(Atom(sbt.plugins.SemanticdbPlugin)))
[debug] Clause(Atom(sbt.plugins.JvmPlugin),Set(Atom(sbt.plugins.JUnitXmlReportPlugin)))
[debug] Clause(Atom(sbt.plugins.CorePlugin),Set(Atom(sbt.plugins.Giter8TemplatePlugin)))
[debug] Clause(Atom(sbt.plugins.JvmPlugin),Set(Atom(sbt.plugins.MiniDependencyTreePlugin))))
[debug]   :: deduced result: Matched(sbt.plugins.CorePlugin,sbt.plugins.Giter8TemplatePlugin,sbt.plugins.IvyPlugin,sbt.plugins.JvmPlugin,sbt.plugins.MiniDependencyTreePlugin,sbt.plugins.JUnitXmlReportPlugin,sbt.plugins.SemanticdbPlugin)
[debug] Plugins.deducer#function took 12.848436 ms
[debug]               Load.resolveProject(gtirb-semantics-build) took 37.276301ms
[debug]             Load.loadTransitive: finalizeProject(Project(id gtirb-semantics-build, base: /home/cbing/Desktop/gtirb-semantics/project, plugins: List(<none>))) took 68.928752ms
[debug] [Loading] Done in /home/cbing/Desktop/gtirb-semantics/project, returning: (gtirb-semantics-build)
[debug]           Load.loadUnit: loadedProjectsRaw took 81.528956ms
[debug]           Load.loadUnit: cleanEvalClasses took 0.24218ms
[debug]         Load.loadUnit(file:/home/cbing/Desktop/gtirb-semantics/project/, ...) took 132.392391ms
[debug]       Load.apply: load took 256.120273ms
[debug]       Load.apply: resolveProjects took 5.212996ms
[debug]       Load.apply: finalTransforms took 132.2009ms
[debug]       Load.apply: config.delegates took 7.025356ms
[debug]       Load.apply: Def.make(settings)... took 272.466368ms
[debug]       Load.apply: structureIndex took 77.666389ms
[debug]       Load.apply: mkStreams took 1.136368ms
[info] loading project definition from /home/cbing/Desktop/gtirb-semantics/project
[debug] Running task... Cancel: Signal, check cycles: false, forcegc: true
[debug]     Load.loadUnit: plugins took 1789.974129ms
[debug]     Load.loadUnit: defsScala took 0.002135ms
[debug] [Loading] Scanning directory /home/cbing/Desktop/gtirb-semantics
[debug] [Loading] Found non-root projects 
[debug] [Loading] Done in /home/cbing/Desktop/gtirb-semantics, returning: ()
[debug] deducing auto plugins based on known facts Set(Atom(sbt.plugins.CorePlugin)) and clauses Clauses(Clause(Atom(sbt.plugins.JvmPlugin),Set(Atom(sbt.plugins.IvyPlugin)))
[debug] Clause(Atom(sbt.ScriptedPlugin),Set(Atom(sbt.plugins.JvmPlugin)))
[debug] Clause(Atom(sbt.plugins.SbtPlugin),Set(Atom(sbt.ScriptedPlugin)))
[debug] Clause(Atom(sbt.plugins.SemanticdbPlugin),Set(Atom(sbt.plugins.JvmPlugin)))
[debug] Clause(Atom(sbt.plugins.JUnitXmlReportPlugin),Set(Atom(sbt.plugins.JvmPlugin)))
[debug] Clause(Atom(sbt.plugins.MiniDependencyTreePlugin),Set(Atom(sbt.plugins.JvmPlugin)))
[debug] Clause(Atom(sbt.plugins.CorePlugin),Set(Atom(sbt.plugins.IvyPlugin)))
[debug] Clause(Atom(sbt.plugins.IvyPlugin),Set(Atom(sbt.plugins.JvmPlugin)))
[debug] Clause(Atom(sbt.plugins.JvmPlugin),Set(Atom(sbt.plugins.SemanticdbPlugin)))
[debug] Clause(Atom(sbt.plugins.JvmPlugin),Set(Atom(sbt.plugins.JUnitXmlReportPlugin)))
[debug] Clause(Atom(sbt.plugins.CorePlugin),Set(Atom(sbt.plugins.Giter8TemplatePlugin)))
[debug] Clause(Atom(sbt.plugins.JvmPlugin),Set(Atom(sbt.plugins.MiniDependencyTreePlugin))))
[debug]   :: deduced result: Matched(sbt.plugins.CorePlugin,sbt.plugins.Giter8TemplatePlugin,sbt.plugins.IvyPlugin,sbt.plugins.JvmPlugin,sbt.plugins.MiniDependencyTreePlugin,sbt.plugins.JUnitXmlReportPlugin,sbt.plugins.SemanticdbPlugin)
[debug] Plugins.deducer#function took 1.328025 ms
[debug]         Load.resolveProject(gtirb-semantics) took 1.307975ms
[debug]       Load.loadTransitive: finalizeProject(Project(id gtirb-semantics, base: /home/cbing/Desktop/gtirb-semantics, plugins: List(<none>))) took 2.974831ms
[debug] [Loading] Done in /home/cbing/Desktop/gtirb-semantics, returning: (gtirb-semantics)
[debug]     Load.loadUnit: loadedProjectsRaw took 3.855261ms
[debug]     Load.loadUnit: cleanEvalClasses took 0.007616ms
[debug]   Load.loadUnit(file:/home/cbing/Desktop/gtirb-semantics/, ...) took 1794.671914ms
[debug] Load.apply: load took 1810.598173ms
[debug] Load.apply: resolveProjects took 0.077344ms
[debug] Load.apply: finalTransforms took 6.653136ms
[debug] Load.apply: config.delegates took 0.315809ms
[debug] Load.apply: Def.make(settings)... took 67.352645ms
[debug] Load.apply: structureIndex took 27.486935ms
[debug] Load.apply: mkStreams took 0.00213ms
[info] set current project to gtirb-semantics (in build file:/home/cbing/Desktop/gtirb-semantics/)
[debug] > Exec(sbtPopOnFailure, None, None)
[debug] > Exec(resumeFromFailure, None, None)
[debug] > Exec(notifyUsersAboutShell, None, None)
[debug] > Exec(iflast shell, None, None)
[debug] > Exec(shell, None, None)
[info] sbt server started at local:///home/cbing/.sbt/1.0/server/2894bd64feeafa78c3d7/sock
[debug] Writing bsp connection file
[info] started sbt server
