[debug] > Exec(early(addDefaultCommands), None, None)
[debug] > Exec(addDefaultCommands, None, None)
[debug] > Exec(early(initialize), None, None)
[debug] > Exec(initialize, None, None)
[debug] > Exec(boot, None, None)
[debug] > Exec(writeSbtVersion, None, None)
[warn] No sbt.version set in project/build.properties, base directory: /home/cbing/Desktop/gtirb-semantics
[debug] > Exec(reload, None, None)
[debug] > Exec(sbtStashOnFailure, None, None)
[debug] > Exec(onFailure loadFailed, None, None)
[debug] > Exec(loadp, None, None)
[info] welcome to sbt 1.8.2 (Private Build Java 1.8.0_352)
[debug] Load.defaultLoad until apply took 49.587844ms
[debug]     Load.loadUnit: plugins took 54.091249ms
[debug]     Load.loadUnit: defsScala took 0.33171ms
[debug] [Loading] Scanning directory /home/cbing/Desktop/gtirb-semantics
[debug] [Loading] Found non-root projects 
[debug] [Loading] Done in /home/cbing/Desktop/gtirb-semantics, returning: ()
[debug] deducing auto plugins based on known facts Set(Atom(sbt.plugins.CorePlugin)) and clauses Clauses(Clause(Atom(sbt.plugins.JvmPlugin),Set(Atom(sbt.plugins.IvyPlugin)))
[debug] Clause(Atom(sbt.ScriptedPlugin),Set(Atom(sbt.plugins.JvmPlugin)))
[debug] Clause(Atom(sbt.plugins.SbtPlugin),Set(Atom(sbt.ScriptedPlugin)))
[debug] Clause(Atom(sbt.plugins.SemanticdbPlugin),Set(Atom(sbt.plugins.JvmPlugin)))
[debug] Clause(Atom(sbt.plugins.JUnitXmlReportPlugin),Set(Atom(sbt.plugins.JvmPlugin)))
[debug] Clause(Atom(sbt.plugins.MiniDependencyTreePlugin),Set(Atom(sbt.plugins.JvmPlugin)))
[debug] Clause(Atom(sbt.plugins.CorePlugin),Set(Atom(sbt.plugins.IvyPlugin)))
[debug] Clause(Atom(sbt.plugins.IvyPlugin),Set(Atom(sbt.plugins.JvmPlugin)))
[debug] Clause(Atom(sbt.plugins.JvmPlugin),Set(Atom(sbt.plugins.SemanticdbPlugin)))
[debug] Clause(Atom(sbt.plugins.JvmPlugin),Set(Atom(sbt.plugins.JUnitXmlReportPlugin)))
[debug] Clause(Atom(sbt.plugins.CorePlugin),Set(Atom(sbt.plugins.Giter8TemplatePlugin)))
[debug] Clause(Atom(sbt.plugins.JvmPlugin),Set(Atom(sbt.plugins.MiniDependencyTreePlugin))))
[debug]   :: deduced result: Matched(sbt.plugins.CorePlugin,sbt.plugins.Giter8TemplatePlugin,sbt.plugins.IvyPlugin,sbt.plugins.JvmPlugin,sbt.plugins.MiniDependencyTreePlugin,sbt.plugins.JUnitXmlReportPlugin,sbt.plugins.SemanticdbPlugin)
[debug] Plugins.deducer#function took 19.426719 ms
[debug]         Load.resolveProject(gtirb-semantics) took 36.435716ms
[debug]       Load.loadTransitive: finalizeProject(Project(id gtirb-semantics, base: /home/cbing/Desktop/gtirb-semantics, plugins: List(<none>))) took 79.405409ms
[debug] [Loading] Done in /home/cbing/Desktop/gtirb-semantics, returning: (gtirb-semantics)
[debug]     Load.loadUnit: loadedProjectsRaw took 97.857843ms
[debug]     Load.loadUnit: cleanEvalClasses took 0.185142ms
[debug]   Load.loadUnit(file:/home/cbing/Desktop/gtirb-semantics/, ...) took 156.898773ms
[debug] Load.apply: load took 329.170467ms
[debug] Load.apply: resolveProjects took 4.505058ms
[debug] Load.apply: finalTransforms took 41.756716ms
[debug] Load.apply: config.delegates took 5.15857ms
[debug] Load.apply: Def.make(settings)... took 286.850487ms
[debug] Load.apply: structureIndex took 70.586428ms
[debug] Load.apply: mkStreams took 1.02288ms
[info] set current project to gtirb-semantics (in build file:/home/cbing/Desktop/gtirb-semantics/)
[debug] > Exec(sbtPopOnFailure, None, None)
[debug] > Exec(resumeFromFailure, None, None)
[debug] > Exec(notifyUsersAboutShell, None, None)
[debug] > Exec(iflast shell, None, None)
[debug] > Exec(shell, None, None)
[info] sbt server started at local:///home/cbing/.sbt/1.0/server/2894bd64feeafa78c3d7/sock
[debug] Writing bsp connection file
[info] started sbt server
