[debug] > Exec(early(addDefaultCommands), None, None)
[debug] > Exec(addDefaultCommands, None, None)
[debug] > Exec(early(initialize), None, None)
[debug] > Exec(initialize, None, None)
[debug] > Exec(boot, None, None)
[debug] > Exec(writeSbtVersion, None, None)
[warn] No sbt.version set in project/build.properties, base directory: /home/cbing/Desktop/gtirb-semantics
[debug] > Exec(reload, None, None)
[debug] > Exec(sbtStashOnFailure, None, None)
[debug] > Exec(onFailure loadFailed, None, None)
[debug] > Exec(loadp, None, None)
[info] welcome to sbt 1.8.2 (Private Build Java 1.8.0_352)
[debug] Load.defaultLoad until apply took 61.282002ms
[debug]     Load.loadUnit: plugins took 62.129252ms
[debug]     Load.loadUnit: defsScala took 0.225297ms
[debug] [Loading] Scanning directory /home/cbing/Desktop/gtirb-semantics
[debug] [Loading] Found non-root projects 
[debug] [Loading] Done in /home/cbing/Desktop/gtirb-semantics, returning: ()
[debug] deducing auto plugins based on known facts Set(Atom(sbt.plugins.CorePlugin)) and clauses Clauses(Clause(Atom(sbt.plugins.JvmPlugin),Set(Atom(sbt.plugins.IvyPlugin)))
[debug] Clause(Atom(sbt.ScriptedPlugin),Set(Atom(sbt.plugins.JvmPlugin)))
[debug] Clause(Atom(sbt.plugins.SbtPlugin),Set(Atom(sbt.ScriptedPlugin)))
[debug] Clause(Atom(sbt.plugins.SemanticdbPlugin),Set(Atom(sbt.plugins.JvmPlugin)))
[debug] Clause(Atom(sbt.plugins.JUnitXmlReportPlugin),Set(Atom(sbt.plugins.JvmPlugin)))
[debug] Clause(Atom(sbt.plugins.MiniDependencyTreePlugin),Set(Atom(sbt.plugins.JvmPlugin)))
[debug] Clause(Atom(sbt.plugins.CorePlugin),Set(Atom(sbt.plugins.IvyPlugin)))
[debug] Clause(Atom(sbt.plugins.IvyPlugin),Set(Atom(sbt.plugins.JvmPlugin)))
[debug] Clause(Atom(sbt.plugins.JvmPlugin),Set(Atom(sbt.plugins.SemanticdbPlugin)))
[debug] Clause(Atom(sbt.plugins.JvmPlugin),Set(Atom(sbt.plugins.JUnitXmlReportPlugin)))
[debug] Clause(Atom(sbt.plugins.CorePlugin),Set(Atom(sbt.plugins.Giter8TemplatePlugin)))
[debug] Clause(Atom(sbt.plugins.JvmPlugin),Set(Atom(sbt.plugins.MiniDependencyTreePlugin))))
[debug]   :: deduced result: Matched(sbt.plugins.CorePlugin,sbt.plugins.Giter8TemplatePlugin,sbt.plugins.IvyPlugin,sbt.plugins.JvmPlugin,sbt.plugins.MiniDependencyTreePlugin,sbt.plugins.JUnitXmlReportPlugin,sbt.plugins.SemanticdbPlugin)
[debug] Plugins.deducer#function took 18.125263 ms
[debug]         Load.resolveProject(gtirb-semantics) took 52.716404ms
[debug]       Load.loadTransitive: finalizeProject(Project(id gtirb-semantics, base: /home/cbing/Desktop/gtirb-semantics, plugins: List(<none>))) took 94.860704ms
[debug] [Loading] Done in /home/cbing/Desktop/gtirb-semantics, returning: (gtirb-semantics)
[debug]     Load.loadUnit: loadedProjectsRaw took 110.304578ms
[debug]     Load.loadUnit: cleanEvalClasses took 0.282873ms
[debug]   Load.loadUnit(file:/home/cbing/Desktop/gtirb-semantics/, ...) took 177.706114ms
[debug] Load.apply: load took 319.868456ms
[debug] Load.apply: resolveProjects took 5.412383ms
[debug] Load.apply: finalTransforms took 45.031685ms
[debug] Load.apply: config.delegates took 7.032769ms
[debug] Load.apply: Def.make(settings)... took 409.291719ms
[debug] Load.apply: structureIndex took 95.558765ms
[debug] Load.apply: mkStreams took 1.778718ms
[info] set current project to gtirb-semantics (in build file:/home/cbing/Desktop/gtirb-semantics/)
[debug] > Exec(sbtPopOnFailure, None, None)
[debug] > Exec(resumeFromFailure, None, None)
[debug] > Exec(notifyUsersAboutShell, None, None)
[debug] > Exec(iflast shell, None, None)
[debug] > Exec(shell, None, None)
[info] sbt server started at local:///home/cbing/.sbt/1.0/server/2894bd64feeafa78c3d7/sock
[debug] Writing bsp connection file
[info] started sbt server
