2023.12.05 10:08:08 INFO  Started: Metals version 1.1.0 in folders '/home/wnedo/dstg/funny_gtirb_stuff/gtirb-semantics' for client Visual Studio Code 1.84.2.[0m
2023.12.05 10:08:09 WARN  Build server is not auto-connectable.[0m
2023.12.05 10:08:09 WARN  no build tool detected in workspace '/home/wnedo/dstg/funny_gtirb_stuff/gtirb-semantics'. The most common cause for this problem is that the editor was opened in the wrong working directory, for example if you use sbt then the workspace directory should contain build.sbt. [0m
2023.12.05 10:08:09 WARN  no build target for: /home/wnedo/dstg/funny_gtirb_stuff/gtirb-semantics/extras/retrieve/src/main/scala/Main.scala[0m
2023.12.05 10:08:10 INFO  no build target found for /home/wnedo/dstg/funny_gtirb_stuff/gtirb-semantics/extras/retrieve/src/main/scala/Main.scala. Using presentation compiler with project's scala-library version: 3.3.1[0m
2023.12.05 10:08:11 INFO  time: code lens generation in 2.19s[0m
2023.12.05 10:09:55 INFO  Shutting down server[0m
2023.12.05 10:09:55 INFO  shutting down Metals[0m
2023.12.05 10:09:55 INFO  Exiting server[0m
2023.12.05 10:23:26 INFO  Started: Metals version 1.1.0 in folders '/home/wnedo/dstg/funny_gtirb_stuff/gtirb-semantics' for client Visual Studio Code 1.84.2.[0m
2023.12.05 10:23:26 WARN  Build server is not auto-connectable.[0m
2023.12.05 10:23:26 WARN  no build tool detected in workspace '/home/wnedo/dstg/funny_gtirb_stuff/gtirb-semantics'. The most common cause for this problem is that the editor was opened in the wrong working directory, for example if you use sbt then the workspace directory should contain build.sbt. [0m
2023.12.05 10:23:26 WARN  no build target for: /home/wnedo/dstg/funny_gtirb_stuff/gtirb-semantics/extras/retrieve/src/main/scala/Main.scala[0m
Dec 05, 2023 10:23:27 AM org.eclipse.lsp4j.jsonrpc.RemoteEndpoint handleCancellation
WARNING: Unmatched cancel notification for request id 3
2023.12.05 10:23:28 INFO  no build target found for /home/wnedo/dstg/funny_gtirb_stuff/gtirb-semantics/extras/retrieve/src/main/scala/Main.scala. Using presentation compiler with project's scala-library version: 3.3.1[0m
2023.12.05 10:23:29 INFO  time: code lens generation in 2.26s[0m
2023.12.05 10:37:47 INFO  Shutting down server[0m
2023.12.05 10:37:47 INFO  shutting down Metals[0m
2023.12.05 10:37:47 INFO  Exiting server[0m
